<<<<<<< HEAD
\BOOKMARK [1][-]{section.1}{Reviewer: 1}{}
\BOOKMARK [2][-]{subsection.1.1}{Comment}{section.1}
\BOOKMARK [2][-]{subsection.1.2}{Comment}{section.1}
\BOOKMARK [2][-]{subsection.1.3}{Comment}{section.1}
\BOOKMARK [2][-]{subsection.1.4}{Comment}{section.1}
\BOOKMARK [2][-]{subsection.1.5}{Comment}{section.1}
\BOOKMARK [2][-]{subsection.1.6}{Comment}{section.1}
\BOOKMARK [2][-]{subsection.1.7}{Comment}{section.1}
\BOOKMARK [2][-]{subsection.1.8}{Comment}{section.1}
\BOOKMARK [2][-]{subsection.1.9}{Comment}{section.1}
\BOOKMARK [2][-]{subsection.1.10}{Comment}{section.1}
\BOOKMARK [2][-]{subsection.1.11}{Comment}{section.1}
\BOOKMARK [1][-]{section.2}{Reviewer: 2}{}
=======
\BOOKMARK [1][-]{section.1}{Overview of Revision}{}
\BOOKMARK [2][-]{subsection.1.1}{Reorganization of the Article}{section.1}
\BOOKMARK [2][-]{subsection.1.2}{Sidebar}{section.1}
\BOOKMARK [2][-]{subsection.1.3}{D-Wave}{section.1}
\BOOKMARK [1][-]{section.2}{Review Co-chair}{}
>>>>>>> 5e8aff6e1b811dc3c376c971bb34000c30ffa9e3
\BOOKMARK [2][-]{subsection.2.1}{Comment}{section.2}
\BOOKMARK [2][-]{subsection.2.2}{Comment}{section.2}
\BOOKMARK [2][-]{subsection.2.3}{Comment}{section.2}
\BOOKMARK [2][-]{subsection.2.4}{Comment}{section.2}
\BOOKMARK [2][-]{subsection.2.5}{Comment}{section.2}
<<<<<<< HEAD
\BOOKMARK [2][-]{subsection.2.6}{Comment}{section.2}
\BOOKMARK [2][-]{subsection.2.7}{Comment}{section.2}
\BOOKMARK [2][-]{subsection.2.8}{Comment}{section.2}
\BOOKMARK [2][-]{subsection.2.9}{Comment}{section.2}
\BOOKMARK [2][-]{subsection.2.10}{Comment}{section.2}
\BOOKMARK [1][-]{section.3}{Additional Modifications}{}
\BOOKMARK [1][-]{section.4}{Additional Proposed References}{}
=======
\BOOKMARK [1][-]{section.3}{Associate Editor}{}
\BOOKMARK [2][-]{subsection.3.1}{Comment}{section.3}
\BOOKMARK [1][-]{section.4}{Reviewer: 1}{}
\BOOKMARK [2][-]{subsection.4.1}{Comment}{section.4}
\BOOKMARK [2][-]{subsection.4.2}{Comment}{section.4}
\BOOKMARK [2][-]{subsection.4.3}{Comment}{section.4}
\BOOKMARK [2][-]{subsection.4.4}{Comment}{section.4}
\BOOKMARK [2][-]{subsection.4.5}{Comment}{section.4}
\BOOKMARK [2][-]{subsection.4.6}{Comment}{section.4}
\BOOKMARK [2][-]{subsection.4.7}{Comment}{section.4}
\BOOKMARK [2][-]{subsection.4.8}{Comment}{section.4}
\BOOKMARK [2][-]{subsection.4.9}{Comment}{section.4}
\BOOKMARK [2][-]{subsection.4.10}{Comment}{section.4}
\BOOKMARK [2][-]{subsection.4.11}{Comment}{section.4}
\BOOKMARK [2][-]{subsection.4.12}{Comment}{section.4}
\BOOKMARK [2][-]{subsection.4.13}{Comment}{section.4}
\BOOKMARK [2][-]{subsection.4.14}{Comment}{section.4}
\BOOKMARK [2][-]{subsection.4.15}{Comment}{section.4}
\BOOKMARK [2][-]{subsection.4.16}{Comment}{section.4}
\BOOKMARK [1][-]{section.5}{Reviewer: 2}{}
\BOOKMARK [2][-]{subsection.5.1}{Comment}{section.5}
\BOOKMARK [2][-]{subsection.5.2}{Comment}{section.5}
\BOOKMARK [2][-]{subsection.5.3}{Comment}{section.5}
\BOOKMARK [2][-]{subsection.5.4}{Comment}{section.5}
\BOOKMARK [1][-]{section.6}{Reviewer: 3}{}
\BOOKMARK [2][-]{subsection.6.1}{Comment}{section.6}
\BOOKMARK [2][-]{subsection.6.2}{Comment}{section.6}
\BOOKMARK [2][-]{subsection.6.3}{Comment}{section.6}
\BOOKMARK [2][-]{subsection.6.4}{Comment}{section.6}
\BOOKMARK [2][-]{subsection.6.5}{Comment}{section.6}
\BOOKMARK [2][-]{subsection.6.6}{Comment}{section.6}
\BOOKMARK [2][-]{subsection.6.7}{Comment}{section.6}
\BOOKMARK [2][-]{subsection.6.8}{Comment}{section.6}
\BOOKMARK [2][-]{subsection.6.9}{Comment}{section.6}
\BOOKMARK [2][-]{subsection.6.10}{Comment}{section.6}
\BOOKMARK [2][-]{subsection.6.11}{Comment}{section.6}
\BOOKMARK [2][-]{subsection.6.12}{Comment}{section.6}
\BOOKMARK [2][-]{subsection.6.13}{Comment}{section.6}
\BOOKMARK [2][-]{subsection.6.14}{Comment}{section.6}
\BOOKMARK [2][-]{subsection.6.15}{Comment}{section.6}
\BOOKMARK [2][-]{subsection.6.16}{Comment}{section.6}
\BOOKMARK [2][-]{subsection.6.17}{Comment}{section.6}
\BOOKMARK [2][-]{subsection.6.18}{Comment}{section.6}
\BOOKMARK [2][-]{subsection.6.19}{Comment}{section.6}
\BOOKMARK [2][-]{subsection.6.20}{Comment}{section.6}
\BOOKMARK [2][-]{subsection.6.21}{Comment}{section.6}
\BOOKMARK [2][-]{subsection.6.22}{Comment}{section.6}
\BOOKMARK [2][-]{subsection.6.23}{Comment}{section.6}
\BOOKMARK [2][-]{subsection.6.24}{Comment}{section.6}
\BOOKMARK [2][-]{subsection.6.25}{Comment}{section.6}
\BOOKMARK [2][-]{subsection.6.26}{Comment}{section.6}
\BOOKMARK [2][-]{subsection.6.27}{Comment}{section.6}
\BOOKMARK [2][-]{subsection.6.28}{Comment}{section.6}
\BOOKMARK [2][-]{subsection.6.29}{Comment}{section.6}
\BOOKMARK [1][-]{section.7}{Reviewer: 4}{}
\BOOKMARK [2][-]{subsection.7.1}{Comment}{section.7}
\BOOKMARK [2][-]{subsection.7.2}{Comment}{section.7}
\BOOKMARK [2][-]{subsection.7.3}{Comment}{section.7}
\BOOKMARK [2][-]{subsection.7.4}{Comment}{section.7}
\BOOKMARK [2][-]{subsection.7.5}{Comment}{section.7}
\BOOKMARK [2][-]{subsection.7.6}{Comment}{section.7}
\BOOKMARK [2][-]{subsection.7.7}{Comment}{section.7}
\BOOKMARK [2][-]{subsection.7.8}{Comment}{section.7}
\BOOKMARK [2][-]{subsection.7.9}{Comment}{section.7}
\BOOKMARK [2][-]{subsection.7.10}{Comment}{section.7}
\BOOKMARK [2][-]{subsection.7.11}{Comment}{section.7}
\BOOKMARK [2][-]{subsection.7.12}{Comment}{section.7}
\BOOKMARK [2][-]{subsection.7.13}{Comment}{section.7}
\BOOKMARK [2][-]{subsection.7.14}{Comment}{section.7}
\BOOKMARK [1][-]{section.8}{Additional Modifications}{}
\BOOKMARK [1][-]{section.9}{Additional Proposed References}{}
>>>>>>> 5e8aff6e1b811dc3c376c971bb34000c30ffa9e3
